[debug] [2023-07-13T23:19:28.878Z] ----------------------------------------------------------------------
[debug] [2023-07-13T23:19:28.882Z] Command:       C:\Program Files\nodejs\node.exe C:\Users\phabl\AppData\Roaming\npm\node_modules\firebase-tools\lib\bin\firebase.js init
[debug] [2023-07-13T23:19:28.882Z] CLI Version:   12.4.4
[debug] [2023-07-13T23:19:28.883Z] Platform:      win32
[debug] [2023-07-13T23:19:28.883Z] Node Version:  v18.14.2
[debug] [2023-07-13T23:19:28.885Z] Time:          Thu Jul 13 2023 20:19:28 GMT-0300 (Horário Padrão de Brasília)
[debug] [2023-07-13T23:19:28.885Z] ----------------------------------------------------------------------
[debug] 
[debug] [2023-07-13T23:19:28.897Z] > command requires scopes: ["email","openid","https://www.googleapis.com/auth/cloudplatformprojects.readonly","https://www.googleapis.com/auth/firebase","https://www.googleapis.com/auth/cloud-platform"]
[debug] [2023-07-13T23:19:28.898Z] > authorizing via signed-in user (phablinymartins@gmail.com)
[info] 
     ######## #### ########  ######## ########     ###     ######  ########
     ##        ##  ##     ## ##       ##     ##  ##   ##  ##       ##
     ######    ##  ########  ######   ########  #########  ######  ######
     ##        ##  ##    ##  ##       ##     ## ##     ##       ## ##
     ##       #### ##     ## ######## ########  ##     ##  ######  ########

You're about to initialize a Firebase project in this directory:

  C:\Users\phabl\OneDrive\Área de Trabalho\luzPage

[info] 
=== Project Setup
[info] 
[info] First, let's associate this project directory with a Firebase project.
[info] You can create multiple project aliases by running firebase use --add, 
[info] but for now we'll just set up a default project.
[info] 
[debug] [2023-07-13T23:19:52.321Z] >>> [apiv2][query] GET https://firebase.googleapis.com/v1beta1/projects pageSize=100
[debug] [2023-07-13T23:19:53.251Z] <<< [apiv2][status] GET https://firebase.googleapis.com/v1beta1/projects 200
[debug] [2023-07-13T23:19:53.251Z] <<< [apiv2][body] GET https://firebase.googleapis.com/v1beta1/projects [omitted]
[info] i  Using project luzapp-858b0 (LuzApp) 
[info] 
=== Hosting Setup
[info] 
[info] Your public directory is the folder (relative to your project directory) that
[info] will contain Hosting assets to be uploaded with firebase deploy. If you
[info] have a build process for your assets, use your build's output directory.
[info] 
[info] +  Wrote public/404.html 
[debug] [2023-07-13T23:20:25.372Z] >>> [apiv2][query] GET https://www.gstatic.com/firebasejs/releases.json [none]
[debug] [2023-07-13T23:20:25.506Z] <<< [apiv2][status] GET https://www.gstatic.com/firebasejs/releases.json 200
[debug] [2023-07-13T23:20:25.506Z] <<< [apiv2][body] GET https://www.gstatic.com/firebasejs/releases.json {"current":{"version":"10.0.0","browserURL":"https://www.gstatic.com/firebasejs/10.0.0/firebase.js","packageURL":"https://www.gstatic.com/firebasejs/10.0.0/firebase.tgz"},"live":{"version":"10.0","browserURL":"https://www.gstatic.com/firebasejs/live/10.0/firebase.js","packageURL":"https://www.gstatic.com/firebasejs/live/10.0/firebase.tgz"},"components":{"analytics":"https://www.gstatic.com/firebasejs/10.0.0/firebase-analytics.js","app":"https://www.gstatic.com/firebasejs/10.0.0/firebase-app.js","app-check":"https://www.gstatic.com/firebasejs/10.0.0/firebase-app-check.js","auth":"https://www.gstatic.com/firebasejs/10.0.0/firebase-auth.js","auth/cordova":"https://www.gstatic.com/firebasejs/10.0.0/firebase-auth/cordova.js","functions":"https://www.gstatic.com/firebasejs/10.0.0/firebase-functions.js","firestore":"https://www.gstatic.com/firebasejs/10.0.0/firebase-firestore.js","firestore/lite":"https://www.gstatic.com/firebasejs/10.0.0/firebase-firestore/lite.js","installations":"https://www.gstatic.com/firebasejs/10.0.0/firebase-installations.js","storage":"https://www.gstatic.com/firebasejs/10.0.0/firebase-storage.js","performance":"https://www.gstatic.com/firebasejs/10.0.0/firebase-performance.js","remote-config":"https://www.gstatic.com/firebasejs/10.0.0/firebase-remote-config.js","messaging":"https://www.gstatic.com/firebasejs/10.0.0/firebase-messaging.js","messaging/sw":"https://www.gstatic.com/firebasejs/10.0.0/firebase-messaging/sw.js","database":"https://www.gstatic.com/firebasejs/10.0.0/firebase-database.js","firestore.memory":"https://www.gstatic.com/firebasejs/10.0.0/firebase-firestore.memory.js"}}
[info] i  Skipping write of public/index.html 
[info] 
[info] i  Detected a .git folder at C:\Users\phabl\OneDrive\Área de Trabalho\luzPage 
[info] i  Authorizing with GitHub to upload your service account to a GitHub repository's secrets store. 
[info] 
[info] Visit this URL on this device to log in:
[info] https://github.com/login/oauth/authorize?client_id=89cf50f02ac6aaed3484&state=807128294&redirect_uri=http%3A%2F%2Flocalhost%3A9005&scope=read%3Auser%20repo%20public_repo
[info] 
[info] Waiting for authentication...
[debug] [2023-07-13T23:20:49.298Z] >>> [apiv2][query] POST https://github.com/login/oauth/access_token [none]
[debug] [2023-07-13T23:20:49.299Z] >>> [apiv2][body] POST https://github.com/login/oauth/access_token [stream]
[debug] [2023-07-13T23:20:49.605Z] <<< [apiv2][status] POST https://github.com/login/oauth/access_token 200
[debug] [2023-07-13T23:20:49.605Z] <<< [apiv2][body] POST https://github.com/login/oauth/access_token {"access_token":"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","token_type":"bearer","scope":"read:user,repo"}
[debug] [2023-07-13T23:20:49.616Z] >>> [apiv2][query] GET https://api.github.com/user [none]
[debug] [2023-07-13T23:20:49.956Z] <<< [apiv2][status] GET https://api.github.com/user 200
[debug] [2023-07-13T23:20:49.957Z] <<< [apiv2][body] GET https://api.github.com/user {"login":"Phabliny","id":69388519,"node_id":"MDQ6VXNlcjY5Mzg4NTE5","avatar_url":"https://avatars.githubusercontent.com/u/69388519?v=4","gravatar_id":"","url":"https://api.github.com/users/Phabliny","html_url":"https://github.com/Phabliny","followers_url":"https://api.github.com/users/Phabliny/followers","following_url":"https://api.github.com/users/Phabliny/following{/other_user}","gists_url":"https://api.github.com/users/Phabliny/gists{/gist_id}","starred_url":"https://api.github.com/users/Phabliny/starred{/owner}{/repo}","subscriptions_url":"https://api.github.com/users/Phabliny/subscriptions","organizations_url":"https://api.github.com/users/Phabliny/orgs","repos_url":"https://api.github.com/users/Phabliny/repos","events_url":"https://api.github.com/users/Phabliny/events{/privacy}","received_events_url":"https://api.github.com/users/Phabliny/received_events","type":"User","site_admin":false,"name":"Phabliny Martins Silva Bomfim","company":null,"blog":"","location":null,"email":null,"hireable":null,"bio":"I am currently in the final stages of completing my Internet Systems Technology course.","twitter_username":null,"public_repos":60,"public_gists":0,"followers":10,"following":15,"created_at":"2020-08-08T11:43:56Z","updated_at":"2023-06-21T00:02:38Z","private_gists":0,"total_private_repos":2,"owned_private_repos":2,"disk_usage":187284,"collaborators":1,"two_factor_authentication":false,"plan":{"name":"free","space":976562499,"collaborators":0,"private_repos":10000}}
[info] 
[info] +  Success! Logged into GitHub as Phabliny 
[info] 
